Tab[Prog,if] = 
Tab[Prog,else] = 
Tab[Prog,while] = 
Tab[Prog,System.out.println] = 
Tab[Prog,System.in.read] = 
Tab[Prog,int] = 
Tab[Prog,String] = 
Tab[Prog,void] = 
Tab[Prog,return] = 
Tab[Prog,public] = } } Liste_Instr Declar { ) ID ] [ String ( main void static public Production %27 Declar_Static { ID class public 
Tab[Prog,static] = 
Tab[Prog,main] = 
Tab[Prog,class] = 
Tab[Prog,function] = 
Tab[Prog,{] = 
Tab[Prog,}] = 
Tab[Prog,!] = 
Tab[Prog,||] = 
Tab[Prog,&&] = 
Tab[Prog,[] = 
Tab[Prog,]] = 
Tab[Prog,=] = 
Tab[Prog,CH] = 
Tab[Prog,NB] = 
Tab[Prog,ID] = 
Tab[Prog,Fin] = 
Tab[Prog,Vide] = 
Tab[Prog,<] = 
Tab[Prog,>] = 
Tab[Prog,==] = 
Tab[Prog,+] = 
Tab[Prog,-] = 
Tab[Prog,*] = 
Tab[Prog,/] = 
Tab[Prog,(] = 
Tab[Prog,)] = 
Tab[Prog,;] = 
Tab[Prog,,] = 
Tab[Prog,:] = 
Tab[Prog,.] = 
Tab[Declar,if] = Vide 
Tab[Declar,else] = 
Tab[Declar,while] = Vide 
Tab[Declar,System.out.println] = Vide 
Tab[Declar,System.in.read] = 
Tab[Declar,int] = Declar ; ID %8 %10 Type 
Tab[Declar,String] = Declar ; ID %8 %10 Type 
Tab[Declar,void] = Declar ; ID %8 %10 Type 
Tab[Declar,return] = Vide 
Tab[Declar,public] = 
Tab[Declar,static] = 
Tab[Declar,main] = 
Tab[Declar,class] = 
Tab[Declar,function] = 
Tab[Declar,{] = Vide 
Tab[Declar,}] = Vide 
Tab[Declar,!] = 
Tab[Declar,||] = 
Tab[Declar,&&] = 
Tab[Declar,[] = 
Tab[Declar,]] = 
Tab[Declar,=] = 
Tab[Declar,CH] = 
Tab[Declar,NB] = 
Tab[Declar,ID] = Vide 
Tab[Declar,Fin] = 
Tab[Declar,Vide] = Vide 
Tab[Declar,<] = 
Tab[Declar,>] = 
Tab[Declar,==] = 
Tab[Declar,+] = 
Tab[Declar,-] = 
Tab[Declar,*] = 
Tab[Declar,/] = 
Tab[Declar,(] = 
Tab[Declar,)] = 
Tab[Declar,;] = 
Tab[Declar,,] = 
Tab[Declar,:] = 
Tab[Declar,.] = 
Tab[Liste_Id1,if] = 
Tab[Liste_Id1,else] = 
Tab[Liste_Id1,while] = 
Tab[Liste_Id1,System.out.println] = 
Tab[Liste_Id1,System.in.read] = 
Tab[Liste_Id1,int] = 
Tab[Liste_Id1,String] = 
Tab[Liste_Id1,void] = 
Tab[Liste_Id1,return] = 
Tab[Liste_Id1,public] = 
Tab[Liste_Id1,static] = 
Tab[Liste_Id1,main] = 
Tab[Liste_Id1,class] = 
Tab[Liste_Id1,function] = 
Tab[Liste_Id1,{] = 
Tab[Liste_Id1,}] = 
Tab[Liste_Id1,!] = 
Tab[Liste_Id1,||] = 
Tab[Liste_Id1,&&] = 
Tab[Liste_Id1,[] = 
Tab[Liste_Id1,]] = 
Tab[Liste_Id1,=] = 
Tab[Liste_Id1,CH] = 
Tab[Liste_Id1,NB] = 
Tab[Liste_Id1,ID] = Liste_Id2 ID %8 
Tab[Liste_Id1,Fin] = 
Tab[Liste_Id1,Vide] = 
Tab[Liste_Id1,<] = 
Tab[Liste_Id1,>] = 
Tab[Liste_Id1,==] = 
Tab[Liste_Id1,+] = 
Tab[Liste_Id1,-] = 
Tab[Liste_Id1,*] = 
Tab[Liste_Id1,/] = 
Tab[Liste_Id1,(] = 
Tab[Liste_Id1,)] = 
Tab[Liste_Id1,;] = 
Tab[Liste_Id1,,] = 
Tab[Liste_Id1,:] = 
Tab[Liste_Id1,.] = 
Tab[Liste_Id2,if] = 
Tab[Liste_Id2,else] = 
Tab[Liste_Id2,while] = 
Tab[Liste_Id2,System.out.println] = 
Tab[Liste_Id2,System.in.read] = 
Tab[Liste_Id2,int] = 
Tab[Liste_Id2,String] = 
Tab[Liste_Id2,void] = 
Tab[Liste_Id2,return] = 
Tab[Liste_Id2,public] = 
Tab[Liste_Id2,static] = 
Tab[Liste_Id2,main] = 
Tab[Liste_Id2,class] = 
Tab[Liste_Id2,function] = 
Tab[Liste_Id2,{] = 
Tab[Liste_Id2,}] = 
Tab[Liste_Id2,!] = 
Tab[Liste_Id2,||] = 
Tab[Liste_Id2,&&] = 
Tab[Liste_Id2,[] = 
Tab[Liste_Id2,]] = 
Tab[Liste_Id2,=] = 
Tab[Liste_Id2,CH] = 
Tab[Liste_Id2,NB] = 
Tab[Liste_Id2,ID] = 
Tab[Liste_Id2,Fin] = 
Tab[Liste_Id2,Vide] = Vide 
Tab[Liste_Id2,<] = 
Tab[Liste_Id2,>] = 
Tab[Liste_Id2,==] = 
Tab[Liste_Id2,+] = 
Tab[Liste_Id2,-] = 
Tab[Liste_Id2,*] = 
Tab[Liste_Id2,/] = 
Tab[Liste_Id2,(] = 
Tab[Liste_Id2,)] = Vide 
Tab[Liste_Id2,;] = 
Tab[Liste_Id2,,] = Liste_Id2 ID %8 , 
Tab[Liste_Id2,:] = 
Tab[Liste_Id2,.] = 
Tab[Type,if] = 
Tab[Type,else] = 
Tab[Type,while] = 
Tab[Type,System.out.println] = 
Tab[Type,System.in.read] = 
Tab[Type,int] = int %9 
Tab[Type,String] = String %9 
Tab[Type,void] = void 
Tab[Type,return] = 
Tab[Type,public] = 
Tab[Type,static] = 
Tab[Type,main] = 
Tab[Type,class] = 
Tab[Type,function] = 
Tab[Type,{] = 
Tab[Type,}] = 
Tab[Type,!] = 
Tab[Type,||] = 
Tab[Type,&&] = 
Tab[Type,[] = 
Tab[Type,]] = 
Tab[Type,=] = 
Tab[Type,CH] = 
Tab[Type,NB] = 
Tab[Type,ID] = 
Tab[Type,Fin] = 
Tab[Type,Vide] = 
Tab[Type,<] = 
Tab[Type,>] = 
Tab[Type,==] = 
Tab[Type,+] = 
Tab[Type,-] = 
Tab[Type,*] = 
Tab[Type,/] = 
Tab[Type,(] = 
Tab[Type,)] = 
Tab[Type,;] = 
Tab[Type,,] = 
Tab[Type,:] = 
Tab[Type,.] = 
Tab[Declar_Static,if] = 
Tab[Declar_Static,else] = 
Tab[Declar_Static,while] = 
Tab[Declar_Static,System.out.println] = 
Tab[Declar_Static,System.in.read] = 
Tab[Declar_Static,int] = 
Tab[Declar_Static,String] = 
Tab[Declar_Static,void] = 
Tab[Declar_Static,return] = 
Tab[Declar_Static,public] = Vide 
Tab[Declar_Static,static] = Fonct_Static ID %31 Type static 
Tab[Declar_Static,main] = 
Tab[Declar_Static,class] = 
Tab[Declar_Static,function] = 
Tab[Declar_Static,{] = 
Tab[Declar_Static,}] = 
Tab[Declar_Static,!] = 
Tab[Declar_Static,||] = 
Tab[Declar_Static,&&] = 
Tab[Declar_Static,[] = 
Tab[Declar_Static,]] = 
Tab[Declar_Static,=] = 
Tab[Declar_Static,CH] = 
Tab[Declar_Static,NB] = 
Tab[Declar_Static,ID] = 
Tab[Declar_Static,Fin] = 
Tab[Declar_Static,Vide] = Vide 
Tab[Declar_Static,<] = 
Tab[Declar_Static,>] = 
Tab[Declar_Static,==] = 
Tab[Declar_Static,+] = 
Tab[Declar_Static,-] = 
Tab[Declar_Static,*] = 
Tab[Declar_Static,/] = 
Tab[Declar_Static,(] = 
Tab[Declar_Static,)] = 
Tab[Declar_Static,;] = 
Tab[Declar_Static,,] = 
Tab[Declar_Static,:] = 
Tab[Declar_Static,.] = 
Tab[Fonct_Static,if] = 
Tab[Fonct_Static,else] = 
Tab[Fonct_Static,while] = 
Tab[Fonct_Static,System.out.println] = 
Tab[Fonct_Static,System.in.read] = 
Tab[Fonct_Static,int] = 
Tab[Fonct_Static,String] = 
Tab[Fonct_Static,void] = 
Tab[Fonct_Static,return] = 
Tab[Fonct_Static,public] = 
Tab[Fonct_Static,static] = 
Tab[Fonct_Static,main] = 
Tab[Fonct_Static,class] = 
Tab[Fonct_Static,function] = 
Tab[Fonct_Static,{] = 
Tab[Fonct_Static,}] = 
Tab[Fonct_Static,!] = 
Tab[Fonct_Static,||] = 
Tab[Fonct_Static,&&] = 
Tab[Fonct_Static,[] = 
Tab[Fonct_Static,]] = 
Tab[Fonct_Static,=] = 
Tab[Fonct_Static,CH] = 
Tab[Fonct_Static,NB] = 
Tab[Fonct_Static,ID] = 
Tab[Fonct_Static,Fin] = 
Tab[Fonct_Static,Vide] = 
Tab[Fonct_Static,<] = 
Tab[Fonct_Static,>] = 
Tab[Fonct_Static,==] = 
Tab[Fonct_Static,+] = 
Tab[Fonct_Static,-] = 
Tab[Fonct_Static,*] = 
Tab[Fonct_Static,/] = 
Tab[Fonct_Static,(] = Declar_Static } %20 Liste_Instr Declar { ) %22 Liste_Param ( Production %32 %19 
Tab[Fonct_Static,)] = 
Tab[Fonct_Static,;] = Declar_Static ; %10 Production %32 %8 
Tab[Fonct_Static,,] = 
Tab[Fonct_Static,:] = 
Tab[Fonct_Static,.] = 
Tab[Liste_Param,if] = 
Tab[Liste_Param,else] = 
Tab[Liste_Param,while] = 
Tab[Liste_Param,System.out.println] = 
Tab[Liste_Param,System.in.read] = 
Tab[Liste_Param,int] = Liste_Param2 ID %8 %10 Type 
Tab[Liste_Param,String] = Liste_Param2 ID %8 %10 Type 
Tab[Liste_Param,void] = Liste_Param2 ID %8 %10 Type 
Tab[Liste_Param,return] = 
Tab[Liste_Param,public] = 
Tab[Liste_Param,static] = 
Tab[Liste_Param,main] = 
Tab[Liste_Param,class] = 
Tab[Liste_Param,function] = 
Tab[Liste_Param,{] = 
Tab[Liste_Param,}] = 
Tab[Liste_Param,!] = 
Tab[Liste_Param,||] = 
Tab[Liste_Param,&&] = 
Tab[Liste_Param,[] = 
Tab[Liste_Param,]] = 
Tab[Liste_Param,=] = 
Tab[Liste_Param,CH] = 
Tab[Liste_Param,NB] = 
Tab[Liste_Param,ID] = 
Tab[Liste_Param,Fin] = 
Tab[Liste_Param,Vide] = Vide 
Tab[Liste_Param,<] = 
Tab[Liste_Param,>] = 
Tab[Liste_Param,==] = 
Tab[Liste_Param,+] = 
Tab[Liste_Param,-] = 
Tab[Liste_Param,*] = 
Tab[Liste_Param,/] = 
Tab[Liste_Param,(] = 
Tab[Liste_Param,)] = Vide 
Tab[Liste_Param,;] = 
Tab[Liste_Param,,] = 
Tab[Liste_Param,:] = 
Tab[Liste_Param,.] = 
Tab[Liste_Param2,if] = 
Tab[Liste_Param2,else] = 
Tab[Liste_Param2,while] = 
Tab[Liste_Param2,System.out.println] = 
Tab[Liste_Param2,System.in.read] = 
Tab[Liste_Param2,int] = 
Tab[Liste_Param2,String] = 
Tab[Liste_Param2,void] = 
Tab[Liste_Param2,return] = 
Tab[Liste_Param2,public] = 
Tab[Liste_Param2,static] = 
Tab[Liste_Param2,main] = 
Tab[Liste_Param2,class] = 
Tab[Liste_Param2,function] = 
Tab[Liste_Param2,{] = 
Tab[Liste_Param2,}] = 
Tab[Liste_Param2,!] = 
Tab[Liste_Param2,||] = 
Tab[Liste_Param2,&&] = 
Tab[Liste_Param2,[] = 
Tab[Liste_Param2,]] = 
Tab[Liste_Param2,=] = 
Tab[Liste_Param2,CH] = 
Tab[Liste_Param2,NB] = 
Tab[Liste_Param2,ID] = 
Tab[Liste_Param2,Fin] = 
Tab[Liste_Param2,Vide] = Vide 
Tab[Liste_Param2,<] = 
Tab[Liste_Param2,>] = 
Tab[Liste_Param2,==] = 
Tab[Liste_Param2,+] = 
Tab[Liste_Param2,-] = 
Tab[Liste_Param2,*] = 
Tab[Liste_Param2,/] = 
Tab[Liste_Param2,(] = 
Tab[Liste_Param2,)] = Vide 
Tab[Liste_Param2,;] = 
Tab[Liste_Param2,,] = Liste_Param2 ID %8 %10 Type , 
Tab[Liste_Param2,:] = 
Tab[Liste_Param2,.] = 
Tab[Instr_Comp,if] = 
Tab[Instr_Comp,else] = 
Tab[Instr_Comp,while] = 
Tab[Instr_Comp,System.out.println] = 
Tab[Instr_Comp,System.in.read] = 
Tab[Instr_Comp,int] = 
Tab[Instr_Comp,String] = 
Tab[Instr_Comp,void] = 
Tab[Instr_Comp,return] = 
Tab[Instr_Comp,public] = 
Tab[Instr_Comp,static] = 
Tab[Instr_Comp,main] = 
Tab[Instr_Comp,class] = 
Tab[Instr_Comp,function] = 
Tab[Instr_Comp,{] = } Liste_Instr { 
Tab[Instr_Comp,}] = 
Tab[Instr_Comp,!] = 
Tab[Instr_Comp,||] = 
Tab[Instr_Comp,&&] = 
Tab[Instr_Comp,[] = 
Tab[Instr_Comp,]] = 
Tab[Instr_Comp,=] = 
Tab[Instr_Comp,CH] = 
Tab[Instr_Comp,NB] = 
Tab[Instr_Comp,ID] = 
Tab[Instr_Comp,Fin] = 
Tab[Instr_Comp,Vide] = 
Tab[Instr_Comp,<] = 
Tab[Instr_Comp,>] = 
Tab[Instr_Comp,==] = 
Tab[Instr_Comp,+] = 
Tab[Instr_Comp,-] = 
Tab[Instr_Comp,*] = 
Tab[Instr_Comp,/] = 
Tab[Instr_Comp,(] = 
Tab[Instr_Comp,)] = 
Tab[Instr_Comp,;] = 
Tab[Instr_Comp,,] = 
Tab[Instr_Comp,:] = 
Tab[Instr_Comp,.] = 
Tab[Liste_Instr,if] = Liste_Instr ; Instr 
Tab[Liste_Instr,else] = 
Tab[Liste_Instr,while] = Liste_Instr ; Instr 
Tab[Liste_Instr,System.out.println] = Liste_Instr ; Instr 
Tab[Liste_Instr,System.in.read] = 
Tab[Liste_Instr,int] = 
Tab[Liste_Instr,String] = 
Tab[Liste_Instr,void] = 
Tab[Liste_Instr,return] = Liste_Instr ; Instr 
Tab[Liste_Instr,public] = 
Tab[Liste_Instr,static] = 
Tab[Liste_Instr,main] = 
Tab[Liste_Instr,class] = 
Tab[Liste_Instr,function] = 
Tab[Liste_Instr,{] = Liste_Instr ; Instr 
Tab[Liste_Instr,}] = Vide 
Tab[Liste_Instr,!] = 
Tab[Liste_Instr,||] = 
Tab[Liste_Instr,&&] = 
Tab[Liste_Instr,[] = 
Tab[Liste_Instr,]] = 
Tab[Liste_Instr,=] = 
Tab[Liste_Instr,CH] = 
Tab[Liste_Instr,NB] = 
Tab[Liste_Instr,ID] = Liste_Instr ; Instr 
Tab[Liste_Instr,Fin] = 
Tab[Liste_Instr,Vide] = Vide 
Tab[Liste_Instr,<] = 
Tab[Liste_Instr,>] = 
Tab[Liste_Instr,==] = 
Tab[Liste_Instr,+] = 
Tab[Liste_Instr,-] = 
Tab[Liste_Instr,*] = 
Tab[Liste_Instr,/] = 
Tab[Liste_Instr,(] = 
Tab[Liste_Instr,)] = 
Tab[Liste_Instr,;] = 
Tab[Liste_Instr,,] = 
Tab[Liste_Instr,:] = 
Tab[Liste_Instr,.] = 
Tab[Instr,if] = Production %15 Instr else %14 Instr ) %13 Expr1 ( if %12 
Tab[Instr,else] = 
Tab[Instr,while] = Production %18 Instr ) %17 Expr1 ( while %16 
Tab[Instr,System.out.println] = ) %5 ID %11 %26 ( System.out.println 
Tab[Instr,System.in.read] = 
Tab[Instr,int] = 
Tab[Instr,String] = 
Tab[Instr,void] = 
Tab[Instr,return] = Expr1 return 
Tab[Instr,public] = 
Tab[Instr,static] = 
Tab[Instr,main] = 
Tab[Instr,class] = 
Tab[Instr,function] = 
Tab[Instr,{] = Instr_Comp 
Tab[Instr,}] = 
Tab[Instr,!] = 
Tab[Instr,||] = 
Tab[Instr,&&] = 
Tab[Instr,[] = 
Tab[Instr,]] = 
Tab[Instr,=] = 
Tab[Instr,CH] = 
Tab[Instr,NB] = 
Tab[Instr,ID] = Suite_Id1 ID %11 
Tab[Instr,Fin] = 
Tab[Instr,Vide] = 
Tab[Instr,<] = 
Tab[Instr,>] = 
Tab[Instr,==] = 
Tab[Instr,+] = 
Tab[Instr,-] = 
Tab[Instr,*] = 
Tab[Instr,/] = 
Tab[Instr,(] = 
Tab[Instr,)] = 
Tab[Instr,;] = 
Tab[Instr,,] = 
Tab[Instr,:] = 
Tab[Instr,.] = 
Tab[Suite_Id1,if] = 
Tab[Suite_Id1,else] = 
Tab[Suite_Id1,while] = 
Tab[Suite_Id1,System.out.println] = 
Tab[Suite_Id1,System.in.read] = 
Tab[Suite_Id1,int] = 
Tab[Suite_Id1,String] = 
Tab[Suite_Id1,void] = 
Tab[Suite_Id1,return] = 
Tab[Suite_Id1,public] = 
Tab[Suite_Id1,static] = 
Tab[Suite_Id1,main] = 
Tab[Suite_Id1,class] = 
Tab[Suite_Id1,function] = 
Tab[Suite_Id1,{] = 
Tab[Suite_Id1,}] = 
Tab[Suite_Id1,!] = 
Tab[Suite_Id1,||] = 
Tab[Suite_Id1,&&] = 
Tab[Suite_Id1,[] = 
Tab[Suite_Id1,]] = 
Tab[Suite_Id1,=] = Valeur = %24 
Tab[Suite_Id1,CH] = 
Tab[Suite_Id1,NB] = 
Tab[Suite_Id1,ID] = 
Tab[Suite_Id1,Fin] = 
Tab[Suite_Id1,Vide] = 
Tab[Suite_Id1,<] = 
Tab[Suite_Id1,>] = 
Tab[Suite_Id1,==] = 
Tab[Suite_Id1,+] = 
Tab[Suite_Id1,-] = 
Tab[Suite_Id1,*] = 
Tab[Suite_Id1,/] = 
Tab[Suite_Id1,(] = ) %23 %25 Liste_Id1 ( %28 
Tab[Suite_Id1,)] = 
Tab[Suite_Id1,;] = 
Tab[Suite_Id1,,] = 
Tab[Suite_Id1,:] = 
Tab[Suite_Id1,.] = 
Tab[Valeur,if] = 
Tab[Valeur,else] = 
Tab[Valeur,while] = 
Tab[Valeur,System.out.println] = 
Tab[Valeur,System.in.read] = ) %6 ( System.in.read %26 
Tab[Valeur,int] = 
Tab[Valeur,String] = 
Tab[Valeur,void] = 
Tab[Valeur,return] = 
Tab[Valeur,public] = 
Tab[Valeur,static] = 
Tab[Valeur,main] = 
Tab[Valeur,class] = 
Tab[Valeur,function] = 
Tab[Valeur,{] = 
Tab[Valeur,}] = 
Tab[Valeur,!] = Production %4 Expr1 
Tab[Valeur,||] = 
Tab[Valeur,&&] = 
Tab[Valeur,[] = 
Tab[Valeur,]] = 
Tab[Valeur,=] = 
Tab[Valeur,CH] = CH %30 %7 
Tab[Valeur,NB] = Production %4 Expr1 
Tab[Valeur,ID] = Production %4 Expr1 
Tab[Valeur,Fin] = 
Tab[Valeur,Vide] = 
Tab[Valeur,<] = 
Tab[Valeur,>] = 
Tab[Valeur,==] = 
Tab[Valeur,+] = 
Tab[Valeur,-] = 
Tab[Valeur,*] = 
Tab[Valeur,/] = 
Tab[Valeur,(] = Production %4 Expr1 
Tab[Valeur,)] = 
Tab[Valeur,;] = 
Tab[Valeur,,] = 
Tab[Valeur,:] = 
Tab[Valeur,.] = 
Tab[Expr1,if] = 
Tab[Expr1,else] = 
Tab[Expr1,while] = 
Tab[Expr1,System.out.println] = 
Tab[Expr1,System.in.read] = 
Tab[Expr1,int] = 
Tab[Expr1,String] = 
Tab[Expr1,void] = 
Tab[Expr1,return] = 
Tab[Expr1,public] = 
Tab[Expr1,static] = 
Tab[Expr1,main] = 
Tab[Expr1,class] = 
Tab[Expr1,function] = 
Tab[Expr1,{] = 
Tab[Expr1,}] = 
Tab[Expr1,!] = Expr2 Simple1 
Tab[Expr1,||] = 
Tab[Expr1,&&] = 
Tab[Expr1,[] = 
Tab[Expr1,]] = 
Tab[Expr1,=] = 
Tab[Expr1,CH] = 
Tab[Expr1,NB] = Expr2 Simple1 
Tab[Expr1,ID] = Expr2 Simple1 
Tab[Expr1,Fin] = 
Tab[Expr1,Vide] = 
Tab[Expr1,<] = 
Tab[Expr1,>] = 
Tab[Expr1,==] = 
Tab[Expr1,+] = 
Tab[Expr1,-] = 
Tab[Expr1,*] = 
Tab[Expr1,/] = 
Tab[Expr1,(] = Expr2 Simple1 
Tab[Expr1,)] = 
Tab[Expr1,;] = 
Tab[Expr1,,] = 
Tab[Expr1,:] = 
Tab[Expr1,.] = 
Tab[Expr2,if] = 
Tab[Expr2,else] = Vide 
Tab[Expr2,while] = 
Tab[Expr2,System.out.println] = 
Tab[Expr2,System.in.read] = 
Tab[Expr2,int] = 
Tab[Expr2,String] = 
Tab[Expr2,void] = 
Tab[Expr2,return] = 
Tab[Expr2,public] = 
Tab[Expr2,static] = 
Tab[Expr2,main] = 
Tab[Expr2,class] = 
Tab[Expr2,function] = 
Tab[Expr2,{] = 
Tab[Expr2,}] = 
Tab[Expr2,!] = 
Tab[Expr2,||] = 
Tab[Expr2,&&] = 
Tab[Expr2,[] = 
Tab[Expr2,]] = 
Tab[Expr2,=] = 
Tab[Expr2,CH] = 
Tab[Expr2,NB] = 
Tab[Expr2,ID] = 
Tab[Expr2,Fin] = 
Tab[Expr2,Vide] = Vide 
Tab[Expr2,<] = Production %3 Simple1 Op_Relat %2 
Tab[Expr2,>] = Production %3 Simple1 Op_Relat %2 
Tab[Expr2,==] = Production %3 Simple1 Op_Relat %2 
Tab[Expr2,+] = 
Tab[Expr2,-] = 
Tab[Expr2,*] = 
Tab[Expr2,/] = 
Tab[Expr2,(] = 
Tab[Expr2,)] = Vide 
Tab[Expr2,;] = Vide 
Tab[Expr2,,] = 
Tab[Expr2,:] = 
Tab[Expr2,.] = 
Tab[Simple1,if] = 
Tab[Simple1,else] = 
Tab[Simple1,while] = 
Tab[Simple1,System.out.println] = 
Tab[Simple1,System.in.read] = 
Tab[Simple1,int] = 
Tab[Simple1,String] = 
Tab[Simple1,void] = 
Tab[Simple1,return] = 
Tab[Simple1,public] = 
Tab[Simple1,static] = 
Tab[Simple1,main] = 
Tab[Simple1,class] = 
Tab[Simple1,function] = 
Tab[Simple1,{] = 
Tab[Simple1,}] = 
Tab[Simple1,!] = Simple2 Terme1 
Tab[Simple1,||] = 
Tab[Simple1,&&] = 
Tab[Simple1,[] = 
Tab[Simple1,]] = 
Tab[Simple1,=] = 
Tab[Simple1,CH] = 
Tab[Simple1,NB] = Simple2 Terme1 
Tab[Simple1,ID] = Simple2 Terme1 
Tab[Simple1,Fin] = 
Tab[Simple1,Vide] = 
Tab[Simple1,<] = 
Tab[Simple1,>] = 
Tab[Simple1,==] = 
Tab[Simple1,+] = 
Tab[Simple1,-] = 
Tab[Simple1,*] = 
Tab[Simple1,/] = 
Tab[Simple1,(] = Simple2 Terme1 
Tab[Simple1,)] = 
Tab[Simple1,;] = 
Tab[Simple1,,] = 
Tab[Simple1,:] = 
Tab[Simple1,.] = 
Tab[Simple2,if] = 
Tab[Simple2,else] = Vide 
Tab[Simple2,while] = 
Tab[Simple2,System.out.println] = 
Tab[Simple2,System.in.read] = 
Tab[Simple2,int] = 
Tab[Simple2,String] = 
Tab[Simple2,void] = 
Tab[Simple2,return] = 
Tab[Simple2,public] = 
Tab[Simple2,static] = 
Tab[Simple2,main] = 
Tab[Simple2,class] = 
Tab[Simple2,function] = 
Tab[Simple2,{] = 
Tab[Simple2,}] = 
Tab[Simple2,!] = 
Tab[Simple2,||] = Simple2 Production %3 Terme1 Op_Add %2 
Tab[Simple2,&&] = 
Tab[Simple2,[] = 
Tab[Simple2,]] = 
Tab[Simple2,=] = 
Tab[Simple2,CH] = 
Tab[Simple2,NB] = 
Tab[Simple2,ID] = 
Tab[Simple2,Fin] = 
Tab[Simple2,Vide] = Vide 
Tab[Simple2,<] = Vide 
Tab[Simple2,>] = Vide 
Tab[Simple2,==] = Vide 
Tab[Simple2,+] = Simple2 Production %3 Terme1 Op_Add %2 
Tab[Simple2,-] = Simple2 Production %3 Terme1 Op_Add %2 
Tab[Simple2,*] = 
Tab[Simple2,/] = 
Tab[Simple2,(] = 
Tab[Simple2,)] = Vide 
Tab[Simple2,;] = Vide 
Tab[Simple2,,] = 
Tab[Simple2,:] = 
Tab[Simple2,.] = 
Tab[Terme1,if] = 
Tab[Terme1,else] = 
Tab[Terme1,while] = 
Tab[Terme1,System.out.println] = 
Tab[Terme1,System.in.read] = 
Tab[Terme1,int] = 
Tab[Terme1,String] = 
Tab[Terme1,void] = 
Tab[Terme1,return] = 
Tab[Terme1,public] = 
Tab[Terme1,static] = 
Tab[Terme1,main] = 
Tab[Terme1,class] = 
Tab[Terme1,function] = 
Tab[Terme1,{] = 
Tab[Terme1,}] = 
Tab[Terme1,!] = Terme2 Facteur 
Tab[Terme1,||] = 
Tab[Terme1,&&] = 
Tab[Terme1,[] = 
Tab[Terme1,]] = 
Tab[Terme1,=] = 
Tab[Terme1,CH] = 
Tab[Terme1,NB] = Terme2 Facteur 
Tab[Terme1,ID] = Terme2 Facteur 
Tab[Terme1,Fin] = 
Tab[Terme1,Vide] = 
Tab[Terme1,<] = 
Tab[Terme1,>] = 
Tab[Terme1,==] = 
Tab[Terme1,+] = 
Tab[Terme1,-] = 
Tab[Terme1,*] = 
Tab[Terme1,/] = 
Tab[Terme1,(] = Terme2 Facteur 
Tab[Terme1,)] = 
Tab[Terme1,;] = 
Tab[Terme1,,] = 
Tab[Terme1,:] = 
Tab[Terme1,.] = 
Tab[Terme2,if] = 
Tab[Terme2,else] = Vide 
Tab[Terme2,while] = 
Tab[Terme2,System.out.println] = 
Tab[Terme2,System.in.read] = 
Tab[Terme2,int] = 
Tab[Terme2,String] = 
Tab[Terme2,void] = 
Tab[Terme2,return] = 
Tab[Terme2,public] = 
Tab[Terme2,static] = 
Tab[Terme2,main] = 
Tab[Terme2,class] = 
Tab[Terme2,function] = 
Tab[Terme2,{] = 
Tab[Terme2,}] = 
Tab[Terme2,!] = 
Tab[Terme2,||] = Vide 
Tab[Terme2,&&] = Terme2 Production %3 Facteur Op_Mult %2 
Tab[Terme2,[] = 
Tab[Terme2,]] = 
Tab[Terme2,=] = 
Tab[Terme2,CH] = 
Tab[Terme2,NB] = 
Tab[Terme2,ID] = 
Tab[Terme2,Fin] = 
Tab[Terme2,Vide] = Vide 
Tab[Terme2,<] = Vide 
Tab[Terme2,>] = Vide 
Tab[Terme2,==] = Vide 
Tab[Terme2,+] = Vide 
Tab[Terme2,-] = Vide 
Tab[Terme2,*] = Terme2 Production %3 Facteur Op_Mult %2 
Tab[Terme2,/] = Terme2 Production %3 Facteur Op_Mult %2 
Tab[Terme2,(] = 
Tab[Terme2,)] = Vide 
Tab[Terme2,;] = Vide 
Tab[Terme2,,] = 
Tab[Terme2,:] = 
Tab[Terme2,.] = 
Tab[Facteur,if] = 
Tab[Facteur,else] = 
Tab[Facteur,while] = 
Tab[Facteur,System.out.println] = 
Tab[Facteur,System.in.read] = 
Tab[Facteur,int] = 
Tab[Facteur,String] = 
Tab[Facteur,void] = 
Tab[Facteur,return] = 
Tab[Facteur,public] = 
Tab[Facteur,static] = 
Tab[Facteur,main] = 
Tab[Facteur,class] = 
Tab[Facteur,function] = 
Tab[Facteur,{] = 
Tab[Facteur,}] = 
Tab[Facteur,!] = Production %3 Facteur ! %2 
Tab[Facteur,||] = 
Tab[Facteur,&&] = 
Tab[Facteur,[] = 
Tab[Facteur,]] = 
Tab[Facteur,=] = 
Tab[Facteur,CH] = 
Tab[Facteur,NB] = NB %1 
Tab[Facteur,ID] = Suite_Id2 ID %11 
Tab[Facteur,Fin] = 
Tab[Facteur,Vide] = 
Tab[Facteur,<] = 
Tab[Facteur,>] = 
Tab[Facteur,==] = 
Tab[Facteur,+] = 
Tab[Facteur,-] = 
Tab[Facteur,*] = 
Tab[Facteur,/] = 
Tab[Facteur,(] = ) Expr1 ( 
Tab[Facteur,)] = 
Tab[Facteur,;] = 
Tab[Facteur,,] = 
Tab[Facteur,:] = 
Tab[Facteur,.] = 
Tab[Suite_Id2,if] = 
Tab[Suite_Id2,else] = Production %29 %26 %1 
Tab[Suite_Id2,while] = 
Tab[Suite_Id2,System.out.println] = 
Tab[Suite_Id2,System.in.read] = 
Tab[Suite_Id2,int] = 
Tab[Suite_Id2,String] = 
Tab[Suite_Id2,void] = 
Tab[Suite_Id2,return] = 
Tab[Suite_Id2,public] = 
Tab[Suite_Id2,static] = 
Tab[Suite_Id2,main] = 
Tab[Suite_Id2,class] = 
Tab[Suite_Id2,function] = 
Tab[Suite_Id2,{] = 
Tab[Suite_Id2,}] = 
Tab[Suite_Id2,!] = 
Tab[Suite_Id2,||] = Production %29 %26 %1 
Tab[Suite_Id2,&&] = Production %29 %26 %1 
Tab[Suite_Id2,[] = 
Tab[Suite_Id2,]] = 
Tab[Suite_Id2,=] = 
Tab[Suite_Id2,CH] = 
Tab[Suite_Id2,NB] = 
Tab[Suite_Id2,ID] = 
Tab[Suite_Id2,Fin] = 
Tab[Suite_Id2,Vide] = Production %29 %26 %1 
Tab[Suite_Id2,<] = Production %29 %26 %1 
Tab[Suite_Id2,>] = Production %29 %26 %1 
Tab[Suite_Id2,==] = Production %29 %26 %1 
Tab[Suite_Id2,+] = Production %29 %26 %1 
Tab[Suite_Id2,-] = Production %29 %26 %1 
Tab[Suite_Id2,*] = Production %29 %26 %1 
Tab[Suite_Id2,/] = Production %29 %26 %1 
Tab[Suite_Id2,(] = ) %23 %25 Liste_Id1 ( %29 
Tab[Suite_Id2,)] = Production %29 %26 %1 
Tab[Suite_Id2,;] = Production %29 %26 %1 
Tab[Suite_Id2,,] = 
Tab[Suite_Id2,:] = 
Tab[Suite_Id2,.] = 
Tab[Op_Relat,if] = 
Tab[Op_Relat,else] = 
Tab[Op_Relat,while] = 
Tab[Op_Relat,System.out.println] = 
Tab[Op_Relat,System.in.read] = 
Tab[Op_Relat,int] = 
Tab[Op_Relat,String] = 
Tab[Op_Relat,void] = 
Tab[Op_Relat,return] = 
Tab[Op_Relat,public] = 
Tab[Op_Relat,static] = 
Tab[Op_Relat,main] = 
Tab[Op_Relat,class] = 
Tab[Op_Relat,function] = 
Tab[Op_Relat,{] = 
Tab[Op_Relat,}] = 
Tab[Op_Relat,!] = 
Tab[Op_Relat,||] = 
Tab[Op_Relat,&&] = 
Tab[Op_Relat,[] = 
Tab[Op_Relat,]] = 
Tab[Op_Relat,=] = 
Tab[Op_Relat,CH] = 
Tab[Op_Relat,NB] = 
Tab[Op_Relat,ID] = 
Tab[Op_Relat,Fin] = 
Tab[Op_Relat,Vide] = 
Tab[Op_Relat,<] = < 
Tab[Op_Relat,>] = > 
Tab[Op_Relat,==] = == 
Tab[Op_Relat,+] = 
Tab[Op_Relat,-] = 
Tab[Op_Relat,*] = 
Tab[Op_Relat,/] = 
Tab[Op_Relat,(] = 
Tab[Op_Relat,)] = 
Tab[Op_Relat,;] = 
Tab[Op_Relat,,] = 
Tab[Op_Relat,:] = 
Tab[Op_Relat,.] = 
Tab[Op_Add,if] = 
Tab[Op_Add,else] = 
Tab[Op_Add,while] = 
Tab[Op_Add,System.out.println] = 
Tab[Op_Add,System.in.read] = 
Tab[Op_Add,int] = 
Tab[Op_Add,String] = 
Tab[Op_Add,void] = 
Tab[Op_Add,return] = 
Tab[Op_Add,public] = 
Tab[Op_Add,static] = 
Tab[Op_Add,main] = 
Tab[Op_Add,class] = 
Tab[Op_Add,function] = 
Tab[Op_Add,{] = 
Tab[Op_Add,}] = 
Tab[Op_Add,!] = 
Tab[Op_Add,||] = || 
Tab[Op_Add,&&] = 
Tab[Op_Add,[] = 
Tab[Op_Add,]] = 
Tab[Op_Add,=] = 
Tab[Op_Add,CH] = 
Tab[Op_Add,NB] = 
Tab[Op_Add,ID] = 
Tab[Op_Add,Fin] = 
Tab[Op_Add,Vide] = 
Tab[Op_Add,<] = 
Tab[Op_Add,>] = 
Tab[Op_Add,==] = 
Tab[Op_Add,+] = + 
Tab[Op_Add,-] = - 
Tab[Op_Add,*] = 
Tab[Op_Add,/] = 
Tab[Op_Add,(] = 
Tab[Op_Add,)] = 
Tab[Op_Add,;] = 
Tab[Op_Add,,] = 
Tab[Op_Add,:] = 
Tab[Op_Add,.] = 
Tab[Op_Mult,if] = 
Tab[Op_Mult,else] = 
Tab[Op_Mult,while] = 
Tab[Op_Mult,System.out.println] = 
Tab[Op_Mult,System.in.read] = 
Tab[Op_Mult,int] = 
Tab[Op_Mult,String] = 
Tab[Op_Mult,void] = 
Tab[Op_Mult,return] = 
Tab[Op_Mult,public] = 
Tab[Op_Mult,static] = 
Tab[Op_Mult,main] = 
Tab[Op_Mult,class] = 
Tab[Op_Mult,function] = 
Tab[Op_Mult,{] = 
Tab[Op_Mult,}] = 
Tab[Op_Mult,!] = 
Tab[Op_Mult,||] = 
Tab[Op_Mult,&&] = && 
Tab[Op_Mult,[] = 
Tab[Op_Mult,]] = 
Tab[Op_Mult,=] = 
Tab[Op_Mult,CH] = 
Tab[Op_Mult,NB] = 
Tab[Op_Mult,ID] = 
Tab[Op_Mult,Fin] = 
Tab[Op_Mult,Vide] = 
Tab[Op_Mult,<] = 
Tab[Op_Mult,>] = 
Tab[Op_Mult,==] = 
Tab[Op_Mult,+] = 
Tab[Op_Mult,-] = 
Tab[Op_Mult,*] = * 
Tab[Op_Mult,/] = / 
Tab[Op_Mult,(] = 
Tab[Op_Mult,)] = 
Tab[Op_Mult,;] = 
Tab[Op_Mult,,] = 
Tab[Op_Mult,:] = 
Tab[Op_Mult,.] = 
Tab[Production,if] = 
Tab[Production,else] = Vide 
Tab[Production,while] = 
Tab[Production,System.out.println] = 
Tab[Production,System.in.read] = 
Tab[Production,int] = 
Tab[Production,String] = 
Tab[Production,void] = 
Tab[Production,return] = 
Tab[Production,public] = Vide 
Tab[Production,static] = 
Tab[Production,main] = 
Tab[Production,class] = 
Tab[Production,function] = 
Tab[Production,{] = 
Tab[Production,}] = 
Tab[Production,!] = 
Tab[Production,||] = Vide 
Tab[Production,&&] = Vide 
Tab[Production,[] = 
Tab[Production,]] = 
Tab[Production,=] = 
Tab[Production,CH] = 
Tab[Production,NB] = 
Tab[Production,ID] = 
Tab[Production,Fin] = 
Tab[Production,Vide] = Vide 
Tab[Production,<] = Vide 
Tab[Production,>] = Vide 
Tab[Production,==] = Vide 
Tab[Production,+] = Vide 
Tab[Production,-] = Vide 
Tab[Production,*] = Vide 
Tab[Production,/] = Vide 
Tab[Production,(] = Vide 
Tab[Production,)] = Vide 
Tab[Production,;] = Vide 
Tab[Production,,] = 
Tab[Production,:] = 
Tab[Production,.] = 
Tab[Suite_Eq,if] = 
Tab[Suite_Eq,else] = 
Tab[Suite_Eq,while] = 
Tab[Suite_Eq,System.out.println] = 
Tab[Suite_Eq,System.in.read] = Valeur 
Tab[Suite_Eq,int] = 
Tab[Suite_Eq,String] = 
Tab[Suite_Eq,void] = 
Tab[Suite_Eq,return] = 
Tab[Suite_Eq,public] = 
Tab[Suite_Eq,static] = 
Tab[Suite_Eq,main] = 
Tab[Suite_Eq,class] = 
Tab[Suite_Eq,function] = 
Tab[Suite_Eq,{] = 
Tab[Suite_Eq,}] = 
Tab[Suite_Eq,!] = Valeur 
Tab[Suite_Eq,||] = 
Tab[Suite_Eq,&&] = 
Tab[Suite_Eq,[] = 
Tab[Suite_Eq,]] = 
Tab[Suite_Eq,=] = 
Tab[Suite_Eq,CH] = Valeur 
Tab[Suite_Eq,NB] = Valeur 
Tab[Suite_Eq,ID] = Valeur 
Tab[Suite_Eq,Fin] = 
Tab[Suite_Eq,Vide] = 
Tab[Suite_Eq,<] = 
Tab[Suite_Eq,>] = 
Tab[Suite_Eq,==] = 
Tab[Suite_Eq,+] = 
Tab[Suite_Eq,-] = 
Tab[Suite_Eq,*] = 
Tab[Suite_Eq,/] = 
Tab[Suite_Eq,(] = Valeur 
Tab[Suite_Eq,)] = 
Tab[Suite_Eq,;] = 
Tab[Suite_Eq,,] = 
Tab[Suite_Eq,:] = 
Tab[Suite_Eq,.] = 
